2020-10-31 09:13:24.254 INFO  --- [StartupInfoLogger.java:55][restartedMain] - Starting MyApplication on ST-201910291029 with PID 8508 (D:\JT-SOFT\GIT\CGB-2006\back\target\classes started by uid in D:\JT-SOFT\GIT\CGB-2006\back)
2020-10-31 09:13:24.274 INFO  --- [SpringApplication.java:651][restartedMain] - No active profile set, falling back to default profiles: default
2020-10-31 09:13:31.296 INFO  --- [StartupInfoLogger.java:61][restartedMain] - Started MyApplication in 9.101 seconds (JVM running for 11.738)
2020-10-31 09:15:23.298 INFO  --- [StartupInfoLogger.java:55][restartedMain] - Starting MyApplication on ST-201910291029 with PID 8592 (D:\JT-SOFT\GIT\CGB-2006\back\target\classes started by uid in D:\JT-SOFT\GIT\CGB-2006\back)
2020-10-31 09:15:23.302 INFO  --- [SpringApplication.java:651][restartedMain] - No active profile set, falling back to default profiles: default
2020-10-31 09:15:25.745 INFO  --- [StartupInfoLogger.java:61][restartedMain] - Started MyApplication in 2.949 seconds (JVM running for 3.769)
2020-10-31 09:17:19.815 INFO  --- [StartupInfoLogger.java:55][restartedMain] - Starting MyApplication on ST-201910291029 with PID 9740 (D:\JT-SOFT\GIT\CGB-2006\back\target\classes started by uid in D:\JT-SOFT\GIT\CGB-2006\back)
2020-10-31 09:17:19.815 INFO  --- [SpringApplication.java:651][restartedMain] - No active profile set, falling back to default profiles: default
2020-10-31 09:17:22.369 INFO  --- [StartupInfoLogger.java:61][restartedMain] - Started MyApplication in 3.231 seconds (JVM running for 3.915)
2020-10-31 11:30:26.348 INFO  --- [StartupInfoLogger.java:55][restartedMain] - Starting MyApplication on ST-201910291029 with PID 10636 (D:\JT-SOFT\GIT\CGB-2006\back\target\classes started by uid in D:\JT-SOFT\GIT\CGB-2006\back)
2020-10-31 11:30:26.351 INFO  --- [SpringApplication.java:651][restartedMain] - No active profile set, falling back to default profiles: default
2020-10-31 11:30:29.123 WARN  --- [OptionalLiveReloadServer.java:61][restartedMain] - Unable to start LiveReload server
2020-10-31 11:30:29.180 ERROR --- [LoggingFailureAnalysisReporter.java:40][restartedMain] - 

***************************
APPLICATION FAILED TO START
***************************

Description:

Web server failed to start. Port 8080 was already in use.

Action:

Identify and stop the process that's listening on port 8080 or configure this application to listen on another port.

2020-10-31 11:42:31.710 INFO  --- [StartupInfoLogger.java:55][restartedMain] - Starting MyApplication on ST-201910291029 with PID 10580 (D:\JT-SOFT\GIT\CGB-2006\back\target\classes started by uid in D:\JT-SOFT\GIT\CGB-2006\back)
2020-10-31 11:42:31.736 INFO  --- [SpringApplication.java:651][restartedMain] - No active profile set, falling back to default profiles: default
2020-10-31 11:42:34.322 INFO  --- [StartupInfoLogger.java:61][restartedMain] - Started MyApplication in 3.292 seconds (JVM running for 3.913)
2020-10-31 12:18:20.530 INFO  --- [HikariDataSource.java:110][http-nio-8080-exec-1] - HikariPool-1 - Starting...
2020-10-31 12:18:20.734 INFO  --- [HikariDataSource.java:123][http-nio-8080-exec-1] - HikariPool-1 - Start completed.
2020-10-31 12:18:20.743 DEBUG --- [BaseJdbcLogger.java:143][http-nio-8080-exec-1] - ==>  Preparing: SELECT u.id userId, u.username username, u.password password, u.nickname nickName FROM sys_user u WHERE u.username = ? AND u.password = ? AND u.delete_status = '1' 
2020-10-31 12:18:20.765 DEBUG --- [BaseJdbcLogger.java:143][http-nio-8080-exec-1] - ==> Parameters: admin(String), 123456(String)
2020-10-31 12:18:20.842 DEBUG --- [BaseJdbcLogger.java:143][http-nio-8080-exec-1] - <==      Total: 1
2020-10-31 12:18:20.915 DEBUG --- [BaseJdbcLogger.java:143][http-nio-8080-exec-2] - ==>  Preparing: SELECT u.id userId, u.nickname nickname, u.role_id roleId, r.role_name roleName, p.menu_code menuCode, p.permission_code permissionCode FROM sys_user u LEFT JOIN sys_role r ON r.id = u.role_id LEFT JOIN sys_role_permission rp ON u.role_id = rp.role_id LEFT JOIN sys_permission p ON rp.permission_id = p.id AND rp.delete_status = '1' WHERE u.username = ? AND u.delete_status = '1' 
2020-10-31 12:18:20.916 DEBUG --- [BaseJdbcLogger.java:143][http-nio-8080-exec-2] - ==> Parameters: admin(String)
2020-10-31 12:18:20.964 DEBUG --- [BaseJdbcLogger.java:143][http-nio-8080-exec-2] - <==      Total: 1
2020-10-31 12:18:20.970 DEBUG --- [BaseJdbcLogger.java:143][http-nio-8080-exec-2] - ==>  Preparing: SELECT p.menu_code menuCode FROM sys_permission p ORDER BY p.id 
2020-10-31 12:18:20.971 DEBUG --- [BaseJdbcLogger.java:143][http-nio-8080-exec-2] - ==> Parameters: 
2020-10-31 12:18:20.972 DEBUG --- [BaseJdbcLogger.java:143][http-nio-8080-exec-2] - <==      Total: 10
2020-10-31 12:18:20.973 DEBUG --- [BaseJdbcLogger.java:143][http-nio-8080-exec-2] - ==>  Preparing: SELECT p.permission_code permissionCode FROM sys_permission p ORDER BY p.id 
2020-10-31 12:18:20.974 DEBUG --- [BaseJdbcLogger.java:143][http-nio-8080-exec-2] - ==> Parameters: 
2020-10-31 12:18:20.975 DEBUG --- [BaseJdbcLogger.java:143][http-nio-8080-exec-2] - <==      Total: 10
2020-10-31 12:22:23.720 DEBUG --- [BaseJdbcLogger.java:143][http-nio-8080-exec-3] - ==>  Preparing: SELECT u.id userId, u.nickname nickname, u.role_id roleId, r.role_name roleName, p.menu_code menuCode, p.permission_code permissionCode FROM sys_user u LEFT JOIN sys_role r ON r.id = u.role_id LEFT JOIN sys_role_permission rp ON u.role_id = rp.role_id LEFT JOIN sys_permission p ON rp.permission_id = p.id AND rp.delete_status = '1' WHERE u.username = ? AND u.delete_status = '1' 
2020-10-31 12:22:23.721 DEBUG --- [BaseJdbcLogger.java:143][http-nio-8080-exec-3] - ==> Parameters: admin(String)
2020-10-31 12:22:23.725 DEBUG --- [BaseJdbcLogger.java:143][http-nio-8080-exec-3] - <==      Total: 1
2020-10-31 12:22:23.725 DEBUG --- [BaseJdbcLogger.java:143][http-nio-8080-exec-3] - ==>  Preparing: SELECT p.menu_code menuCode FROM sys_permission p ORDER BY p.id 
2020-10-31 12:22:23.726 DEBUG --- [BaseJdbcLogger.java:143][http-nio-8080-exec-3] - ==> Parameters: 
2020-10-31 12:22:23.727 DEBUG --- [BaseJdbcLogger.java:143][http-nio-8080-exec-3] - <==      Total: 10
2020-10-31 12:22:23.728 DEBUG --- [BaseJdbcLogger.java:143][http-nio-8080-exec-3] - ==>  Preparing: SELECT p.permission_code permissionCode FROM sys_permission p ORDER BY p.id 
2020-10-31 12:22:23.728 DEBUG --- [BaseJdbcLogger.java:143][http-nio-8080-exec-3] - ==> Parameters: 
2020-10-31 12:22:23.730 DEBUG --- [BaseJdbcLogger.java:143][http-nio-8080-exec-3] - <==      Total: 10
2020-10-31 12:24:28.472 DEBUG --- [BaseJdbcLogger.java:143][http-nio-8080-exec-4] - ==>  Preparing: SELECT u.id userId, u.nickname nickname, u.role_id roleId, r.role_name roleName, p.menu_code menuCode, p.permission_code permissionCode FROM sys_user u LEFT JOIN sys_role r ON r.id = u.role_id LEFT JOIN sys_role_permission rp ON u.role_id = rp.role_id LEFT JOIN sys_permission p ON rp.permission_id = p.id AND rp.delete_status = '1' WHERE u.username = ? AND u.delete_status = '1' 
2020-10-31 12:24:28.473 DEBUG --- [BaseJdbcLogger.java:143][http-nio-8080-exec-4] - ==> Parameters: admin(String)
2020-10-31 12:24:28.476 DEBUG --- [BaseJdbcLogger.java:143][http-nio-8080-exec-4] - <==      Total: 1
2020-10-31 12:24:28.477 DEBUG --- [BaseJdbcLogger.java:143][http-nio-8080-exec-4] - ==>  Preparing: SELECT p.menu_code menuCode FROM sys_permission p ORDER BY p.id 
2020-10-31 12:24:28.478 DEBUG --- [BaseJdbcLogger.java:143][http-nio-8080-exec-4] - ==> Parameters: 
2020-10-31 12:24:28.480 DEBUG --- [BaseJdbcLogger.java:143][http-nio-8080-exec-4] - <==      Total: 10
2020-10-31 12:24:28.481 DEBUG --- [BaseJdbcLogger.java:143][http-nio-8080-exec-4] - ==>  Preparing: SELECT p.permission_code permissionCode FROM sys_permission p ORDER BY p.id 
2020-10-31 12:24:28.482 DEBUG --- [BaseJdbcLogger.java:143][http-nio-8080-exec-4] - ==> Parameters: 
2020-10-31 12:24:28.484 DEBUG --- [BaseJdbcLogger.java:143][http-nio-8080-exec-4] - <==      Total: 10
2020-10-31 12:24:42.254 DEBUG --- [BaseJdbcLogger.java:143][http-nio-8080-exec-5] - ==>  Preparing: SELECT u.id userId, u.nickname nickname, u.role_id roleId, r.role_name roleName, p.menu_code menuCode, p.permission_code permissionCode FROM sys_user u LEFT JOIN sys_role r ON r.id = u.role_id LEFT JOIN sys_role_permission rp ON u.role_id = rp.role_id LEFT JOIN sys_permission p ON rp.permission_id = p.id AND rp.delete_status = '1' WHERE u.username = ? AND u.delete_status = '1' 
2020-10-31 12:24:42.256 DEBUG --- [BaseJdbcLogger.java:143][http-nio-8080-exec-5] - ==> Parameters: admin(String)
2020-10-31 12:24:42.258 DEBUG --- [BaseJdbcLogger.java:143][http-nio-8080-exec-5] - <==      Total: 1
2020-10-31 12:24:42.259 DEBUG --- [BaseJdbcLogger.java:143][http-nio-8080-exec-5] - ==>  Preparing: SELECT p.menu_code menuCode FROM sys_permission p ORDER BY p.id 
2020-10-31 12:24:42.259 DEBUG --- [BaseJdbcLogger.java:143][http-nio-8080-exec-5] - ==> Parameters: 
2020-10-31 12:24:42.260 DEBUG --- [BaseJdbcLogger.java:143][http-nio-8080-exec-5] - <==      Total: 10
2020-10-31 12:24:42.261 DEBUG --- [BaseJdbcLogger.java:143][http-nio-8080-exec-5] - ==>  Preparing: SELECT p.permission_code permissionCode FROM sys_permission p ORDER BY p.id 
2020-10-31 12:24:42.262 DEBUG --- [BaseJdbcLogger.java:143][http-nio-8080-exec-5] - ==> Parameters: 
2020-10-31 12:24:42.263 DEBUG --- [BaseJdbcLogger.java:143][http-nio-8080-exec-5] - <==      Total: 10
2020-10-31 12:25:19.174 DEBUG --- [BaseJdbcLogger.java:143][http-nio-8080-exec-7] - ==>  Preparing: SELECT u.id userId, u.nickname nickname, u.role_id roleId, r.role_name roleName, p.menu_code menuCode, p.permission_code permissionCode FROM sys_user u LEFT JOIN sys_role r ON r.id = u.role_id LEFT JOIN sys_role_permission rp ON u.role_id = rp.role_id LEFT JOIN sys_permission p ON rp.permission_id = p.id AND rp.delete_status = '1' WHERE u.username = ? AND u.delete_status = '1' 
2020-10-31 12:25:19.175 DEBUG --- [BaseJdbcLogger.java:143][http-nio-8080-exec-7] - ==> Parameters: admin(String)
2020-10-31 12:25:19.177 DEBUG --- [BaseJdbcLogger.java:143][http-nio-8080-exec-7] - <==      Total: 1
2020-10-31 12:25:19.178 DEBUG --- [BaseJdbcLogger.java:143][http-nio-8080-exec-7] - ==>  Preparing: SELECT p.menu_code menuCode FROM sys_permission p ORDER BY p.id 
2020-10-31 12:25:19.179 DEBUG --- [BaseJdbcLogger.java:143][http-nio-8080-exec-7] - ==> Parameters: 
2020-10-31 12:25:19.180 DEBUG --- [BaseJdbcLogger.java:143][http-nio-8080-exec-7] - <==      Total: 10
2020-10-31 12:25:19.181 DEBUG --- [BaseJdbcLogger.java:143][http-nio-8080-exec-7] - ==>  Preparing: SELECT p.permission_code permissionCode FROM sys_permission p ORDER BY p.id 
2020-10-31 12:25:19.182 DEBUG --- [BaseJdbcLogger.java:143][http-nio-8080-exec-7] - ==> Parameters: 
2020-10-31 12:25:19.183 DEBUG --- [BaseJdbcLogger.java:143][http-nio-8080-exec-7] - <==      Total: 10
2020-10-31 12:25:30.340 DEBUG --- [BaseJdbcLogger.java:143][http-nio-8080-exec-8] - ==>  Preparing: SELECT u.id userId, u.nickname nickname, u.role_id roleId, r.role_name roleName, p.menu_code menuCode, p.permission_code permissionCode FROM sys_user u LEFT JOIN sys_role r ON r.id = u.role_id LEFT JOIN sys_role_permission rp ON u.role_id = rp.role_id LEFT JOIN sys_permission p ON rp.permission_id = p.id AND rp.delete_status = '1' WHERE u.username = ? AND u.delete_status = '1' 
2020-10-31 12:25:30.341 DEBUG --- [BaseJdbcLogger.java:143][http-nio-8080-exec-8] - ==> Parameters: admin(String)
2020-10-31 12:25:30.343 DEBUG --- [BaseJdbcLogger.java:143][http-nio-8080-exec-8] - <==      Total: 1
2020-10-31 12:25:30.343 DEBUG --- [BaseJdbcLogger.java:143][http-nio-8080-exec-8] - ==>  Preparing: SELECT p.menu_code menuCode FROM sys_permission p ORDER BY p.id 
2020-10-31 12:25:30.344 DEBUG --- [BaseJdbcLogger.java:143][http-nio-8080-exec-8] - ==> Parameters: 
2020-10-31 12:25:30.345 DEBUG --- [BaseJdbcLogger.java:143][http-nio-8080-exec-8] - <==      Total: 10
2020-10-31 12:25:30.346 DEBUG --- [BaseJdbcLogger.java:143][http-nio-8080-exec-8] - ==>  Preparing: SELECT p.permission_code permissionCode FROM sys_permission p ORDER BY p.id 
2020-10-31 12:25:30.346 DEBUG --- [BaseJdbcLogger.java:143][http-nio-8080-exec-8] - ==> Parameters: 
2020-10-31 12:25:30.348 DEBUG --- [BaseJdbcLogger.java:143][http-nio-8080-exec-8] - <==      Total: 10
2020-10-31 12:25:35.839 DEBUG --- [BaseJdbcLogger.java:143][http-nio-8080-exec-6] - ==>  Preparing: SELECT u.id userId, u.nickname nickname, u.role_id roleId, r.role_name roleName, p.menu_code menuCode, p.permission_code permissionCode FROM sys_user u LEFT JOIN sys_role r ON r.id = u.role_id LEFT JOIN sys_role_permission rp ON u.role_id = rp.role_id LEFT JOIN sys_permission p ON rp.permission_id = p.id AND rp.delete_status = '1' WHERE u.username = ? AND u.delete_status = '1' 
2020-10-31 12:25:35.840 DEBUG --- [BaseJdbcLogger.java:143][http-nio-8080-exec-6] - ==> Parameters: admin(String)
2020-10-31 12:25:35.842 DEBUG --- [BaseJdbcLogger.java:143][http-nio-8080-exec-6] - <==      Total: 1
2020-10-31 12:25:35.843 DEBUG --- [BaseJdbcLogger.java:143][http-nio-8080-exec-6] - ==>  Preparing: SELECT p.menu_code menuCode FROM sys_permission p ORDER BY p.id 
2020-10-31 12:25:35.843 DEBUG --- [BaseJdbcLogger.java:143][http-nio-8080-exec-6] - ==> Parameters: 
2020-10-31 12:25:35.844 DEBUG --- [BaseJdbcLogger.java:143][http-nio-8080-exec-6] - <==      Total: 10
2020-10-31 12:25:35.845 DEBUG --- [BaseJdbcLogger.java:143][http-nio-8080-exec-6] - ==>  Preparing: SELECT p.permission_code permissionCode FROM sys_permission p ORDER BY p.id 
2020-10-31 12:25:35.845 DEBUG --- [BaseJdbcLogger.java:143][http-nio-8080-exec-6] - ==> Parameters: 
2020-10-31 12:25:35.847 DEBUG --- [BaseJdbcLogger.java:143][http-nio-8080-exec-6] - <==      Total: 10
2020-10-31 12:27:57.434 INFO  --- [UserRealm.java:36][http-nio-8080-exec-10] - permission的值为:{"menuList":["role","user","article"],"roleId":1,"nickname":"超级用户23","roleName":"管理员","permissionList":["article:list","user:list","user:add","role:update","article:add","role:list","article:update","user:update","role:delete","role:add"],"userId":10003}
2020-10-31 12:27:57.434 INFO  --- [UserRealm.java:37][http-nio-8080-exec-10] - 本用户权限为:[article:list, user:list, user:add, role:update, article:add, role:list, article:update, user:update, role:delete, role:add]
2020-10-31 12:27:57.451 DEBUG --- [BaseJdbcLogger.java:143][http-nio-8080-exec-10] - ==>  Preparing: SELECT count(0) FROM article w WHERE w.delete_status = '1' 
2020-10-31 12:27:57.452 DEBUG --- [BaseJdbcLogger.java:143][http-nio-8080-exec-10] - ==> Parameters: 
2020-10-31 12:27:57.491 DEBUG --- [BaseJdbcLogger.java:143][http-nio-8080-exec-10] - <==      Total: 1
2020-10-31 12:27:57.491 DEBUG --- [BaseJdbcLogger.java:143][http-nio-8080-exec-10] - ==>  Preparing: SELECT w.id id, w.content content, date_format(w.create_time, '%Y.%m.%d %T') createTime FROM article w WHERE w.delete_status = '1' ORDER BY w.id DESC LIMIT ?, ? 
2020-10-31 12:27:57.492 DEBUG --- [BaseJdbcLogger.java:143][http-nio-8080-exec-10] - ==> Parameters: 0(Integer), 50(Integer)
2020-10-31 12:27:57.516 DEBUG --- [BaseJdbcLogger.java:143][http-nio-8080-exec-10] - <==      Total: 5
2020-10-31 12:29:14.021 INFO  --- [UserRealm.java:36][http-nio-8080-exec-9] - permission的值为:{"menuList":["role","user","article"],"roleId":1,"nickname":"超级用户23","roleName":"管理员","permissionList":["article:list","user:list","user:add","role:update","article:add","role:list","article:update","user:update","role:delete","role:add"],"userId":10003}
2020-10-31 12:29:14.021 INFO  --- [UserRealm.java:37][http-nio-8080-exec-9] - 本用户权限为:[article:list, user:list, user:add, role:update, article:add, role:list, article:update, user:update, role:delete, role:add]
2020-10-31 12:29:14.023 DEBUG --- [BaseJdbcLogger.java:143][http-nio-8080-exec-9] - ==>  Preparing: SELECT count(0) FROM article w WHERE w.delete_status = '1' 
2020-10-31 12:29:14.024 DEBUG --- [BaseJdbcLogger.java:143][http-nio-8080-exec-9] - ==> Parameters: 
2020-10-31 12:29:14.026 DEBUG --- [BaseJdbcLogger.java:143][http-nio-8080-exec-9] - <==      Total: 1
2020-10-31 12:29:14.027 DEBUG --- [BaseJdbcLogger.java:143][http-nio-8080-exec-9] - ==>  Preparing: SELECT w.id id, w.content content, date_format(w.create_time, '%Y.%m.%d %T') createTime FROM article w WHERE w.delete_status = '1' ORDER BY w.id DESC LIMIT ?, ? 
2020-10-31 12:29:14.028 DEBUG --- [BaseJdbcLogger.java:143][http-nio-8080-exec-9] - ==> Parameters: 0(Integer), 50(Integer)
2020-10-31 12:29:14.030 DEBUG --- [BaseJdbcLogger.java:143][http-nio-8080-exec-9] - <==      Total: 5
2020-10-31 12:29:18.342 INFO  --- [UserRealm.java:36][http-nio-8080-exec-1] - permission的值为:{"menuList":["role","user","article"],"roleId":1,"nickname":"超级用户23","roleName":"管理员","permissionList":["article:list","user:list","user:add","role:update","article:add","role:list","article:update","user:update","role:delete","role:add"],"userId":10003}
2020-10-31 12:29:18.343 INFO  --- [UserRealm.java:37][http-nio-8080-exec-1] - 本用户权限为:[article:list, user:list, user:add, role:update, article:add, role:list, article:update, user:update, role:delete, role:add]
2020-10-31 12:29:18.345 DEBUG --- [BaseJdbcLogger.java:143][http-nio-8080-exec-1] - ==>  Preparing: SELECT count(0) FROM article w WHERE w.delete_status = '1' 
2020-10-31 12:29:18.345 DEBUG --- [BaseJdbcLogger.java:143][http-nio-8080-exec-1] - ==> Parameters: 
2020-10-31 12:29:18.346 DEBUG --- [BaseJdbcLogger.java:143][http-nio-8080-exec-1] - <==      Total: 1
2020-10-31 12:29:18.347 DEBUG --- [BaseJdbcLogger.java:143][http-nio-8080-exec-1] - ==>  Preparing: SELECT w.id id, w.content content, date_format(w.create_time, '%Y.%m.%d %T') createTime FROM article w WHERE w.delete_status = '1' ORDER BY w.id DESC LIMIT ?, ? 
2020-10-31 12:29:18.347 DEBUG --- [BaseJdbcLogger.java:143][http-nio-8080-exec-1] - ==> Parameters: 0(Integer), 50(Integer)
2020-10-31 12:29:18.349 DEBUG --- [BaseJdbcLogger.java:143][http-nio-8080-exec-1] - <==      Total: 5
